0 info it worked if it ends with ok
1 verbose cli [ '/root/.nvm/versions/node/v6.0.0/bin/node',
1 verbose cli   '/root/.nvm/versions/node/v6.0.0/bin/npm',
1 verbose cli   'run',
1 verbose cli   'release' ]
2 info using npm@3.8.6
3 info using node@v6.0.0
4 verbose run-script [ 'prerelease', 'release', 'postrelease' ]
5 info lifecycle abl-localize-dropdown@0.0.4~prerelease: abl-localize-dropdown@0.0.4
6 silly lifecycle abl-localize-dropdown@0.0.4~prerelease: no script for prerelease, continuing
7 info lifecycle abl-localize-dropdown@0.0.4~release: abl-localize-dropdown@0.0.4
8 verbose lifecycle abl-localize-dropdown@0.0.4~release: unsafe-perm in lifecycle true
9 verbose lifecycle abl-localize-dropdown@0.0.4~release: PATH: /root/.nvm/versions/node/v6.0.0/lib/node_modules/npm/bin/node-gyp-bin:/root/marketplace-hosts/modules/abl-localize-dropdown/node_modules/.bin:/root/.nvm/versions/node/v6.0.0/bin:/root/.nvm/versions/node/v6.0.0/bin:/usr/local/sbin:/usr/local/bin:/usr/sbin:/usr/bin:/sbin:/bin:/usr/games:/usr/local/games
10 verbose lifecycle abl-localize-dropdown@0.0.4~release: CWD: /root/marketplace-hosts/modules/abl-localize-dropdown
11 silly lifecycle abl-localize-dropdown@0.0.4~release: Args: [ '-c',
11 silly lifecycle   'release () { npm run pull && if [ -z $1 ]; then npm version patch; else npm version $1; fi && npm run push; }; release' ]
12 silly lifecycle abl-localize-dropdown@0.0.4~release: Returned: code: 1  signal: null
13 info lifecycle abl-localize-dropdown@0.0.4~release: Failed to exec release script
14 verbose stack Error: abl-localize-dropdown@0.0.4 release: `release () { npm run pull && if [ -z $1 ]; then npm version patch; else npm version $1; fi && npm run push; }; release`
14 verbose stack Exit status 1
14 verbose stack     at EventEmitter.<anonymous> (/root/.nvm/versions/node/v6.0.0/lib/node_modules/npm/lib/utils/lifecycle.js:239:16)
14 verbose stack     at emitTwo (events.js:106:13)
14 verbose stack     at EventEmitter.emit (events.js:191:7)
14 verbose stack     at ChildProcess.<anonymous> (/root/.nvm/versions/node/v6.0.0/lib/node_modules/npm/lib/utils/spawn.js:24:14)
14 verbose stack     at emitTwo (events.js:106:13)
14 verbose stack     at ChildProcess.emit (events.js:191:7)
14 verbose stack     at maybeClose (internal/child_process.js:850:16)
14 verbose stack     at Process.ChildProcess._handle.onexit (internal/child_process.js:215:5)
15 verbose pkgid abl-localize-dropdown@0.0.4
16 verbose cwd /root/marketplace-hosts/modules/abl-localize-dropdown
17 error Linux 4.8.6-x86_64-linode78
18 error argv "/root/.nvm/versions/node/v6.0.0/bin/node" "/root/.nvm/versions/node/v6.0.0/bin/npm" "run" "release"
19 error node v6.0.0
20 error npm  v3.8.6
21 error code ELIFECYCLE
22 error abl-localize-dropdown@0.0.4 release: `release () { npm run pull && if [ -z $1 ]; then npm version patch; else npm version $1; fi && npm run push; }; release`
22 error Exit status 1
23 error Failed at the abl-localize-dropdown@0.0.4 release script 'release () { npm run pull && if [ -z $1 ]; then npm version patch; else npm version $1; fi && npm run push; }; release'.
23 error Make sure you have the latest version of node.js and npm installed.
23 error If you do, this is most likely a problem with the abl-localize-dropdown package,
23 error not with npm itself.
23 error Tell the author that this fails on your system:
23 error     release () { npm run pull && if [ -z $1 ]; then npm version patch; else npm version $1; fi && npm run push; }; release
23 error You can get information on how to open an issue for this project with:
23 error     npm bugs abl-localize-dropdown
23 error Or if that isn't available, you can get their info via:
23 error     npm owner ls abl-localize-dropdown
23 error There is likely additional logging output above.
24 verbose exit [ 1, true ]
